# JRE version: OpenJDK Runtime Environment (17.0.9) (build 17.0.9+0--11185874)
# Java VM: OpenJDK 64-Bit Server VM (17.0.9+0--11185874, mixed mode, tiered, compressed oops, compressed class ptrs, g1 gc, windows-amd64)
GC Precious Log:
 CPUs: 4 total, 4 available
 Memory: 8117M
 Large Page Support: Disabled
 NUMA Support: Disabled
 Compressed Oops: Enabled (32-bit)
 Heap Region Size: 1M
 Heap Min Capacity: 8M
 Heap Initial Capacity: 128M
 Heap Max Capacity: 2G
 Pre-touch: Disabled
 Parallel Workers: 4
 Concurrent Workers: 1
 Concurrent Refinement Workers: 4
 Periodic GC: Disabled
Heap:
 garbage-first heap   total 466944K, used 223045K [0x0000000080000000, 0x0000000100000000)
  region size 1024K, 117 young (119808K), 19 survivors (19456K)
 Metaspace       used 109516K, committed 110400K, reserved 1179648K
  class space    used 15046K, committed 15488K, reserved 1048576K
GC Heap History (20 events):
Event: 17.731 GC heap before
{Heap before GC invocations=30 (full 0):
 garbage-first heap   total 143360K, used 115880K [0x0000000080000000, 0x0000000100000000)
  region size 1024K, 42 young (43008K), 3 survivors (3072K)
 Metaspace       used 80410K, committed 81024K, reserved 1179648K
  class space    used 10905K, committed 11200K, reserved 1048576K
}
Event: 17.739 GC heap after
{Heap after GC invocations=31 (full 0):
 garbage-first heap   total 143360K, used 78362K [0x0000000080000000, 0x0000000100000000)
  region size 1024K, 5 young (5120K), 5 survivors (5120K)
 Metaspace       used 80410K, committed 81024K, reserved 1179648K
  class space    used 10905K, committed 11200K, reserved 1048576K
}
Event: 17.762 GC heap before
{Heap before GC invocations=31 (full 0):
 garbage-first heap   total 143360K, used 80410K [0x0000000080000000, 0x0000000100000000)
  region size 1024K, 7 young (7168K), 5 survivors (5120K)
 Metaspace       used 80662K, committed 81344K, reserved 1179648K
  class space    used 10942K, committed 11264K, reserved 1048576K
}
Event: 17.771 GC heap after
{Heap after GC invocations=32 (full 0):
 garbage-first heap   total 172032K, used 78397K [0x0000000080000000, 0x0000000100000000)
  region size 1024K, 1 young (1024K), 1 survivors (1024K)
 Metaspace       used 80662K, committed 81344K, reserved 1179648K
  class space    used 10942K, committed 11264K, reserved 1048576K
}
Event: 18.722 GC heap before
{Heap before GC invocations=32 (full 0):
 garbage-first heap   total 172032K, used 132669K [0x0000000080000000, 0x0000000100000000)
  region size 1024K, 54 young (55296K), 1 survivors (1024K)
 Metaspace       used 85318K, committed 85888K, reserved 1179648K
  class space    used 11568K, committed 11840K, reserved 1048576K
}
Event: 18.733 GC heap after
{Heap after GC invocations=33 (full 0):
 garbage-first heap   total 172032K, used 80880K [0x0000000080000000, 0x0000000100000000)
  region size 1024K, 4 young (4096K), 4 survivors (4096K)
 Metaspace       used 85318K, committed 85888K, reserved 1179648K
  class space    used 11568K, committed 11840K, reserved 1048576K
}
Event: 19.816 GC heap before
{Heap before GC invocations=34 (full 0):
 garbage-first heap   total 172032K, used 136176K [0x0000000080000000, 0x0000000100000000)
  region size 1024K, 59 young (60416K), 4 survivors (4096K)
 Metaspace       used 87884K, committed 88512K, reserved 1179648K
  class space    used 11922K, committed 12224K, reserved 1048576K
}
Event: 19.829 GC heap after
{Heap after GC invocations=35 (full 0):
 garbage-first heap   total 172032K, used 85474K [0x0000000080000000, 0x0000000100000000)
  region size 1024K, 8 young (8192K), 8 survivors (8192K)
 Metaspace       used 87884K, committed 88512K, reserved 1179648K
  class space    used 11922K, committed 12224K, reserved 1048576K
}
Event: 19.835 GC heap before
{Heap before GC invocations=35 (full 0):
 garbage-first heap   total 172032K, used 86498K [0x0000000080000000, 0x0000000100000000)
  region size 1024K, 9 young (9216K), 8 survivors (8192K)
 Metaspace       used 87902K, committed 88512K, reserved 1179648K
  class space    used 11923K, committed 12224K, reserved 1048576K
}
Event: 19.846 GC heap after
{Heap after GC invocations=36 (full 0):
 garbage-first heap   total 172032K, used 86307K [0x0000000080000000, 0x0000000100000000)
  region size 1024K, 1 young (1024K), 1 survivors (1024K)
 Metaspace       used 87902K, committed 88512K, reserved 1179648K
  class space    used 11923K, committed 12224K, reserved 1048576K
}
Event: 21.009 GC heap before
{Heap before GC invocations=36 (full 0):
 garbage-first heap   total 172032K, used 138531K [0x0000000080000000, 0x0000000100000000)
  region size 1024K, 52 young (53248K), 1 survivors (1024K)
 Metaspace       used 91613K, committed 92288K, reserved 1179648K
  class space    used 12631K, committed 12928K, reserved 1048576K
}
Event: 21.014 GC heap after
{Heap after GC invocations=37 (full 0):
 garbage-first heap   total 172032K, used 87329K [0x0000000080000000, 0x0000000100000000)
  region size 1024K, 2 young (2048K), 2 survivors (2048K)
 Metaspace       used 91613K, committed 92288K, reserved 1179648K
  class space    used 12631K, committed 12928K, reserved 1048576K
}
Event: 22.229 GC heap before
{Heap before GC invocations=38 (full 0):
 garbage-first heap   total 172032K, used 140577K [0x0000000080000000, 0x0000000100000000)
  region size 1024K, 54 young (55296K), 2 survivors (2048K)
 Metaspace       used 95494K, committed 96192K, reserved 1179648K
  class space    used 13190K, committed 13504K, reserved 1048576K
}
Event: 22.242 GC heap after
{Heap after GC invocations=39 (full 0):
 garbage-first heap   total 172032K, used 89586K [0x0000000080000000, 0x0000000100000000)
  region size 1024K, 5 young (5120K), 5 survivors (5120K)
 Metaspace       used 95494K, committed 96192K, reserved 1179648K
  class space    used 13190K, committed 13504K, reserved 1048576K
}
Event: 22.332 GC heap before
{Heap before GC invocations=39 (full 0):
 garbage-first heap   total 172032K, used 92658K [0x0000000080000000, 0x0000000100000000)
  region size 1024K, 8 young (8192K), 5 survivors (5120K)
 Metaspace       used 95922K, committed 96576K, reserved 1179648K
  class space    used 13264K, committed 13568K, reserved 1048576K
}
Event: 22.351 GC heap after
{Heap after GC invocations=40 (full 0):
 garbage-first heap   total 466944K, used 89370K [0x0000000080000000, 0x0000000100000000)
  region size 1024K, 1 young (1024K), 1 survivors (1024K)
 Metaspace       used 95922K, committed 96576K, reserved 1179648K
  class space    used 13264K, committed 13568K, reserved 1048576K
}
Event: 27.350 GC heap before
{Heap before GC invocations=40 (full 0):
 garbage-first heap   total 466944K, used 341274K [0x0000000080000000, 0x0000000100000000)
  region size 1024K, 248 young (253952K), 1 survivors (1024K)
 Metaspace       used 106422K, committed 107136K, reserved 1179648K
  class space    used 14774K, committed 15104K, reserved 1048576K
}
Event: 27.388 GC heap after
{Heap after GC invocations=41 (full 0):
 garbage-first heap   total 466944K, used 107797K [0x0000000080000000, 0x0000000100000000)
  region size 1024K, 19 young (19456K), 19 survivors (19456K)
 Metaspace       used 106422K, committed 107136K, reserved 1179648K
  class space    used 14774K, committed 15104K, reserved 1048576K
}
Event: 38.853 GC heap before
{Heap before GC invocations=41 (full 0):
 garbage-first heap   total 466944K, used 350485K [0x0000000080000000, 0x0000000100000000)
  region size 1024K, 257 young (263168K), 19 survivors (19456K)
 Metaspace       used 108900K, committed 109696K, reserved 1179648K
  class space    used 15013K, committed 15424K, reserved 1048576K
}
Event: 38.926 GC heap after
{Heap after GC invocations=42 (full 0):
 garbage-first heap   total 466944K, used 123717K [0x0000000080000000, 0x0000000100000000)
  region size 1024K, 19 young (19456K), 19 survivors (19456K)
 Metaspace       used 108900K, committed 109696K, reserved 1179648K
  class space    used 15013K, committed 15424K, reserved 1048576K
}

